<?xml version="1.0" encoding="UTF-8"?>
<testsuite xmlns:xsi="http://www.w3.org/2001/XMLSchema-instance" xsi:noNamespaceSchemaLocation="https://maven.apache.org/surefire/maven-surefire-plugin/xsd/surefire-test-report-3.0.xsd" version="3.0" name="org.example.AmobaTest" time="0.042" tests="5" errors="0" skipped="0" failures="0">
  <properties>
[...]
</properties>
  <testcase name="testDontetlen" classname="org.example.AmobaTest" time="0.019"/>
  <testcase name="testFuggolegesGyozelem" classname="org.example.AmobaTest" time="0.001"/>
  <testcase name="testVizszintesGyozelem" classname="org.example.AmobaTest" time="0.001"/>
  <testcase name="testAtlosGyozelem" classname="org.example.AmobaTest" time="0.0"/>
  <testcase name="testTablaUresKezdeskor" classname="org.example.AmobaTest" time="0.001"/>
</testsuite>